main.cpp:28:main(): buffer: x = x * 2;
1 + 2;$
source/frontend/build_tree.cpp:592:GetIdentifier(): var_name was parsed, name = x
source/frontend/build_tree.cpp:603:GetIdentifier(): node with variable was created
source/frontend/build_tree.cpp:216:GetAssignment(): identifier x
source/frontend/build_tree.cpp:220:GetAssignment(): '=' was parsed
source/frontend/build_tree.cpp:592:GetIdentifier(): var_name was parsed, name = x
source/frontend/build_tree.cpp:603:GetIdentifier(): node with variable was created
source/frontend/build_tree.cpp:625:GetNumber(): Number was read: 2
source/frontend/build_tree.cpp:630:GetNumber(): Node with number was created
source/frontend/build_tree.cpp:229:GetAssignment(): Expression was parsed
source/frontend/build_tree.cpp:238:GetAssignment(): assignment node created
source/frontend/build_tree.cpp:625:GetNumber(): Number was read: 1
source/frontend/build_tree.cpp:630:GetNumber(): Node with number was created
source/frontend/build_tree.cpp:625:GetNumber(): Number was read: 2
source/frontend/build_tree.cpp:630:GetNumber(): Node with number was created
source/frontend/build_tree.cpp:137:GetProgram(): all expression was parsed in tree
source/common/errors.cpp:111:tree_graph_dump(): Starting graph dump to logger/tree1.dot and logger/graph_tree1.png

source/common/errors.cpp:155:tree_graph_dump(): Graph dump completed: logger/tree1.dot and logger/graph_tree1.png have been created

main.cpp:45:main(): [INFO] LEXICAL_ANALYSIS START
source/frontend/lexer.cpp:131:lexicalAnalysis(): buffer: x = x * 2;
1 + 2;$
source/frontend/lexer.cpp:284:lexer_dump(): [LEXER DUMP]
source/frontend/lexer.cpp:285:lexer_dump(): token_list.count = 12, token_list->capacity = 16
source/frontend/lexer.cpp:288:lexer_dump(): token_0, TOK_IDENTIFIER, 0, x
source/frontend/lexer.cpp:288:lexer_dump(): token_1, TOK_ASSIGN, 0, =
source/frontend/lexer.cpp:288:lexer_dump(): token_2, TOK_IDENTIFIER, 0, x
source/frontend/lexer.cpp:288:lexer_dump(): token_3, TOK_MULTIPLY, 0, *
source/frontend/lexer.cpp:288:lexer_dump(): token_4, TOK_NUMBER, 2, 2
source/frontend/lexer.cpp:288:lexer_dump(): token_5, TOK_SEMICOLON, 0, ;
source/frontend/lexer.cpp:288:lexer_dump(): token_6, TOK_NUMBER, 1, 1
source/frontend/lexer.cpp:288:lexer_dump(): token_7, TOK_PLUS, 0, +
source/frontend/lexer.cpp:288:lexer_dump(): token_8, TOK_NUMBER, 2, 2
source/frontend/lexer.cpp:288:lexer_dump(): token_9, TOK_SEMICOLON, 0, ;
source/frontend/lexer.cpp:288:lexer_dump(): token_10, TOK_END, 0, $
source/frontend/lexer.cpp:288:lexer_dump(): token_11, TOK_EOF, 0, 
main.cpp:55:main(): expression has been loaded successfully

main.cpp:88:main(): Everything is good before deletion
source/common/tree_operations.cpp:159:destroy_tree(): [DEBUG] root->value.root before destroy: tree_size = 0

source/common/errors.cpp:111:tree_graph_dump(): Starting graph dump to logger/tree2.dot and logger/graph_tree2.png

source/common/errors.cpp:155:tree_graph_dump(): Graph dump completed: logger/tree2.dot and logger/graph_tree2.png have been created

source/common/tree_operations.cpp:151:destroy_node(): Destroying node 0x504000000050, type=IDENTIFIER
source/common/tree_operations.cpp:151:destroy_node(): Destroying node 0x504000000090, type=IDENTIFIER
source/common/tree_operations.cpp:151:destroy_node(): Destroying node 0x5040000000d0, type=NUMBER
source/common/tree_operations.cpp:151:destroy_node(): Destroying node 0x504000000110, type=OPERATOR
source/common/tree_operations.cpp:151:destroy_node(): Destroying node 0x504000000150, type=STATEMENT
source/common/tree_operations.cpp:151:destroy_node(): Destroying node 0x504000000190, type=NUMBER
source/common/tree_operations.cpp:151:destroy_node(): Destroying node 0x5040000001d0, type=NUMBER
source/common/tree_operations.cpp:151:destroy_node(): Destroying node 0x504000000210, type=OPERATOR
source/common/tree_operations.cpp:151:destroy_node(): Destroying node 0x504000000250, type=STATEMENT
source/common/tree_operations.cpp:151:destroy_node(): Destroying node 0x504000000010, type=ROOT
main.cpp:93:main(): tree deleted succefully
